<?xml version="1.0" encoding="UTF-8"?>
<!-- Generated by org.testng.reporters.JUnitReportReporter -->
<testsuite hostname="DESKTOP-FQMJI7G" failures="0" tests="1" name="demo.sauceLabs.pom.tests.OrderPlaceTests" time="11.447" errors="0" timestamp="2024-09-10T18:14:48 IST" skipped="0">
  <testcase classname="demo.sauceLabs.pom.tests.OrderPlaceTests" name="addToCart" time="11.447"/>
  <system-out/>
</testsuite> <!-- demo.sauceLabs.pom.tests.OrderPlaceTests -->
