<?xml version="1.0" encoding="UTF-8"?>
<!-- Generated by org.testng.reporters.JUnitReportReporter -->
<testsuite hostname="DESKTOP-FQMJI7G" failures="0" tests="1" name="demo.sauceLabs.pom.tests.loginTests" time="2.667" errors="0" timestamp="2024-09-08T19:56:38 IST" skipped="0">
  <testcase classname="demo.sauceLabs.pom.tests.loginTests" name="verifyUserLoggedIn" time="2.667"/>
  <system-out/>
</testsuite> <!-- demo.sauceLabs.pom.tests.loginTests -->
